1620500224851	geckodriver	INFO	Listening on 127.0.0.1:40069
1620500224860	mozrunner::runner	INFO	Running command: "/snap/bin/firefox" "--marionette" "-foreground" "-no-remote" "-profile" "/tmp/rust_mozprofile99yIaN"
1620500257462	geckodriver	INFO	Listening on 127.0.0.1:55239
1620500257470	mozrunner::runner	INFO	Running command: "/snap/bin/firefox" "--marionette" "-foreground" "-no-remote" "-profile" "/tmp/rust_mozprofileGvtQpU"
1620500302651	geckodriver	INFO	Listening on 127.0.0.1:59649
1620500302661	mozrunner::runner	INFO	Running command: "/snap/bin/firefox" "--marionette" "-foreground" "-no-remote" "-profile" "/tmp/rust_mozprofileaWXbpA"
1620503157473	geckodriver	INFO	Listening on 127.0.0.1:54637
1620503158424	mozrunner::runner	INFO	Running command: "/usr/bin/firefox" "--marionette" "-foreground" "-no-remote" "-profile" "/tmp/rust_mozprofileaklHBl"
1620503175693	geckodriver	INFO	Listening on 127.0.0.1:55743
1620503175701	mozrunner::runner	INFO	Running command: "/usr/bin/firefox" "--marionette" "-foreground" "-no-remote" "-profile" "/tmp/rust_mozprofileOLs4f0"
1620503177586	Marionette	INFO	Marionette enabled
console.warn: SearchSettings: "get: No settings file exists, new profile?" (new Error("", "(unknown module)"))
1620503181221	Marionette	INFO	Listening on port 43031
1620503181396	Marionette	WARN	TLS certificate errors will be ignored for this session
JavaScript error: resource://gre/actors/AutoCompleteChild.jsm, line 125: Error: Invalid autocomplete selectedIndex
1620503185153	Marionette	INFO	Stopped listening on port 43031
console.error: services.settings: 
  main/cfr-fxa Signature failed  TypeError: NetworkError when attempting to fetch resource.
JavaScript error: resource://gre/modules/Sqlite.jsm, line 927: Error: Connection is not open.

###!!! [Parent][RunMessage] Error: Channel closing: too late to send/recv, messages will be lost

1620503285066	geckodriver	INFO	Listening on 127.0.0.1:37043
1620503285075	mozrunner::runner	INFO	Running command: "/usr/bin/firefox" "--marionette" "-foreground" "-no-remote" "-profile" "/tmp/rust_mozprofilevgkjmn"
1620503286970	Marionette	INFO	Marionette enabled
console.warn: SearchSettings: "get: No settings file exists, new profile?" (new Error("", "(unknown module)"))
1620503290448	Marionette	INFO	Listening on port 42907
1620503290742	Marionette	WARN	TLS certificate errors will be ignored for this session
JavaScript error: resource://gre/actors/AutoCompleteChild.jsm, line 125: Error: Invalid autocomplete selectedIndex
1620503294188	Marionette	INFO	Stopped listening on port 42907

###!!! [Parent][RunMessage] Error: Channel closing: too late to send/recv, messages will be lost

1620503300171	geckodriver	INFO	Listening on 127.0.0.1:46125
1620503300179	mozrunner::runner	INFO	Running command: "/usr/bin/firefox" "--marionette" "-foreground" "-no-remote" "-profile" "/tmp/rust_mozprofile35uK9f"
1620503302097	Marionette	INFO	Marionette enabled
console.warn: SearchSettings: "get: No settings file exists, new profile?" (new Error("", "(unknown module)"))
1620503305554	Marionette	INFO	Listening on port 34419
1620503305625	Marionette	WARN	TLS certificate errors will be ignored for this session
JavaScript error: resource://gre/actors/AutoCompleteChild.jsm, line 125: Error: Invalid autocomplete selectedIndex
1620503308604	Marionette	INFO	Stopped listening on port 34419
1620506002372	geckodriver	INFO	Listening on 127.0.0.1:49719
1620506002380	mozrunner::runner	INFO	Running command: "/usr/bin/firefox" "--marionette" "-foreground" "-no-remote" "-profile" "/tmp/rust_mozprofileacqW9X"
1620506004368	Marionette	INFO	Marionette enabled
console.warn: SearchSettings: "get: No settings file exists, new profile?" (new Error("", "(unknown module)"))
1620506007986	Marionette	INFO	Listening on port 33047
1620506008075	Marionette	WARN	TLS certificate errors will be ignored for this session
1620506022443	Marionette	INFO	Stopped listening on port 33047

###!!! [Parent][RunMessage] Error: Channel closing: too late to send/recv, messages will be lost

1620506032340	geckodriver	INFO	Listening on 127.0.0.1:36139
1620506032347	mozrunner::runner	INFO	Running command: "/usr/bin/firefox" "--marionette" "-foreground" "-no-remote" "-profile" "/tmp/rust_mozprofilecTS2pt"
1620506034417	Marionette	INFO	Marionette enabled
console.warn: SearchSettings: "get: No settings file exists, new profile?" (new Error("", "(unknown module)"))
1620506038669	Marionette	INFO	Listening on port 32937
1620506038722	Marionette	WARN	TLS certificate errors will be ignored for this session
JavaScript error: resource://gre/actors/AutoCompleteChild.jsm, line 125: Error: Invalid autocomplete selectedIndex
1620506042034	Marionette	INFO	Stopped listening on port 32937

###!!! [Parent][RunMessage] Error: Channel closing: too late to send/recv, messages will be lost

1620506889558	geckodriver	INFO	Listening on 127.0.0.1:58609
1620506889568	mozrunner::runner	INFO	Running command: "/usr/bin/firefox" "--marionette" "-foreground" "-no-remote" "-profile" "/tmp/rust_mozprofileKGvl5f"
1620506891756	Marionette	INFO	Marionette enabled
console.warn: SearchSettings: "get: No settings file exists, new profile?" (new Error("", "(unknown module)"))
1620506895398	Marionette	INFO	Listening on port 44355
1620506895528	Marionette	WARN	TLS certificate errors will be ignored for this session
1620506903472	Marionette	INFO	Stopped listening on port 44355
JavaScript error: https://securepubads.g.doubleclick.net/gpt/pubads_impl_2021050501.js?31061006, line 6: NS_ERROR_NOT_INITIALIZED: 

###!!! [Parent][RunMessage] Error: Channel closing: too late to send/recv, messages will be lost

1620507031809	geckodriver	INFO	Listening on 127.0.0.1:60557
1620507031818	mozrunner::runner	INFO	Running command: "/usr/bin/firefox" "--marionette" "-foreground" "-no-remote" "-profile" "/tmp/rust_mozprofilefvpxGh"
1620507033825	Marionette	INFO	Marionette enabled
console.warn: SearchSettings: "get: No settings file exists, new profile?" (new Error("", "(unknown module)"))
1620507037412	Marionette	INFO	Listening on port 35277
1620507037466	Marionette	WARN	TLS certificate errors will be ignored for this session
1620507045365	Marionette	INFO	Stopped listening on port 35277
JavaScript error: chrome://global/content/elements/browser-custom-element.js, line 1709: NotFoundError: No such JSWindowActor 'MarionetteEvents'

###!!! [Parent][RunMessage] Error: Channel closing: too late to send/recv, messages will be lost

1620507334502	geckodriver	INFO	Listening on 127.0.0.1:37695
1620507334512	mozrunner::runner	INFO	Running command: "/usr/bin/firefox" "--marionette" "-foreground" "-no-remote" "-profile" "/tmp/rust_mozprofile88iJJt"
1620507336426	Marionette	INFO	Marionette enabled
console.warn: SearchSettings: "get: No settings file exists, new profile?" (new Error("", "(unknown module)"))
1620507339873	Marionette	INFO	Listening on port 42495
1620507339969	Marionette	WARN	TLS certificate errors will be ignored for this session
JavaScript warning: https://hhcdn.ru/.well-known/ddos-guard/check, line 1: WebGL context was lost.
JavaScript warning: https://hhcdn.ru/.well-known/ddos-guard/check, line 1: WebGL context was lost.
JavaScript warning: https://hhcdn.ru/.well-known/ddos-guard/check, line 1: WebGL context was lost.
JavaScript warning: https://hhcdn.ru/.well-known/ddos-guard/check, line 1: WebGL context was lost.
JavaScript warning: https://hhcdn.ru/.well-known/ddos-guard/check, line 1: WebGL context was lost.
JavaScript warning: https://hhcdn.ru/.well-known/ddos-guard/check, line 1: WebGL context was lost.
JavaScript warning: https://hhcdn.ru/.well-known/ddos-guard/check, line 1: WebGL context was lost.
JavaScript warning: https://hhcdn.ru/.well-known/ddos-guard/check, line 1: WebGL context was lost.
1620507349381	Marionette	INFO	Stopped listening on port 42495
JavaScript error: , line 0: uncaught exception: undefined
1620508470053	geckodriver	INFO	Listening on 127.0.0.1:34991
1620508470061	mozrunner::runner	INFO	Running command: "/usr/bin/firefox" "--marionette" "-foreground" "-no-remote" "-profile" "/tmp/rust_mozprofileyQ1vln"
1620508472000	Marionette	INFO	Marionette enabled
console.warn: SearchSettings: "get: No settings file exists, new profile?" (new Error("", "(unknown module)"))
1620508475459	Marionette	INFO	Listening on port 46335
1620508475513	Marionette	WARN	TLS certificate errors will be ignored for this session
1620508541016	geckodriver	INFO	Listening on 127.0.0.1:49499
1620508541024	mozrunner::runner	INFO	Running command: "/usr/bin/firefox" "--marionette" "-foreground" "-no-remote" "-profile" "/tmp/rust_mozprofileVNJ3Q6"
1620508543015	Marionette	INFO	Marionette enabled
console.warn: SearchSettings: "get: No settings file exists, new profile?" (new Error("", "(unknown module)"))
1620508546851	Marionette	INFO	Listening on port 46865
1620508547047	Marionette	WARN	TLS certificate errors will be ignored for this session
JavaScript warning: https://hhcdn.ru/.well-known/ddos-guard/check, line 1: WebGL context was lost.
JavaScript warning: https://hhcdn.ru/.well-known/ddos-guard/check, line 1: WebGL context was lost.
JavaScript warning: https://hhcdn.ru/.well-known/ddos-guard/check, line 1: WebGL context was lost.
JavaScript warning: https://hhcdn.ru/.well-known/ddos-guard/check, line 1: WebGL context was lost.
JavaScript warning: https://hhcdn.ru/.well-known/ddos-guard/check, line 1: WebGL context was lost.
JavaScript warning: https://hhcdn.ru/.well-known/ddos-guard/check, line 1: WebGL context was lost.
JavaScript warning: https://hhcdn.ru/.well-known/ddos-guard/check, line 1: WebGL context was lost.
JavaScript warning: https://hhcdn.ru/.well-known/ddos-guard/check, line 1: WebGL context was lost.
1620508563599	Marionette	INFO	Stopped listening on port 46865

###!!! [Parent][RunMessage] Error: Channel closing: too late to send/recv, messages will be lost

1620508571398	Marionette	INFO	Stopped listening on port 46335

###!!! [Parent][RunMessage] Error: Channel closing: too late to send/recv, messages will be lost

1620509085790	geckodriver	INFO	Listening on 127.0.0.1:34127
1620509085808	mozrunner::runner	INFO	Running command: "/usr/bin/firefox" "--marionette" "-foreground" "-no-remote" "-profile" "/tmp/rust_mozprofileUrUCS3"
1620509088397	Marionette	INFO	Marionette enabled
console.warn: SearchSettings: "get: No settings file exists, new profile?" (new Error("", "(unknown module)"))
1620509092070	Marionette	INFO	Listening on port 34619
1620509092203	Marionette	WARN	TLS certificate errors will be ignored for this session
1620509112247	Marionette	INFO	Stopped listening on port 34619

###!!! [Parent][RunMessage] Error: Channel closing: too late to send/recv, messages will be lost

1620509148814	geckodriver	INFO	Listening on 127.0.0.1:48349
1620509148823	mozrunner::runner	INFO	Running command: "/usr/bin/firefox" "--marionette" "-foreground" "-no-remote" "-profile" "/tmp/rust_mozprofileSla2rn"
1620509150934	Marionette	INFO	Marionette enabled
console.warn: SearchSettings: "get: No settings file exists, new profile?" (new Error("", "(unknown module)"))
1620509154858	Marionette	INFO	Listening on port 41867
1620509155008	Marionette	WARN	TLS certificate errors will be ignored for this session
1620509178382	Marionette	INFO	Stopped listening on port 41867

###!!! [Parent][RunMessage] Error: Channel closing: too late to send/recv, messages will be lost

1620509204637	geckodriver	INFO	Listening on 127.0.0.1:46011
1620509204654	mozrunner::runner	INFO	Running command: "/usr/bin/firefox" "--marionette" "-foreground" "-no-remote" "-profile" "/tmp/rust_mozprofileWhiPow"
1620509206720	Marionette	INFO	Marionette enabled
console.warn: SearchSettings: "get: No settings file exists, new profile?" (new Error("", "(unknown module)"))
1620509210810	Marionette	INFO	Listening on port 37759
1620509210897	Marionette	WARN	TLS certificate errors will be ignored for this session
JavaScript warning: https://hhcdn.ru/.well-known/ddos-guard/check, line 1: WebGL context was lost.
JavaScript warning: https://hhcdn.ru/.well-known/ddos-guard/check, line 1: WebGL context was lost.
JavaScript warning: https://hhcdn.ru/.well-known/ddos-guard/check, line 1: WebGL context was lost.
JavaScript warning: https://hhcdn.ru/.well-known/ddos-guard/check, line 1: WebGL context was lost.
1620509257896	Marionette	INFO	Stopped listening on port 37759

###!!! [Parent][RunMessage] Error: Channel closing: too late to send/recv, messages will be lost

1620509310135	geckodriver	INFO	Listening on 127.0.0.1:40777
1620509310145	mozrunner::runner	INFO	Running command: "/usr/bin/firefox" "--marionette" "-foreground" "-no-remote" "-profile" "/tmp/rust_mozprofilesGKWcO"
1620509312350	Marionette	INFO	Marionette enabled
console.warn: SearchSettings: "get: No settings file exists, new profile?" (new Error("", "(unknown module)"))
1620509315916	Marionette	INFO	Listening on port 40273
1620509316023	Marionette	WARN	TLS certificate errors will be ignored for this session
JavaScript error: , line 0: TypeError: NetworkError when attempting to fetch resource.
1620509340141	Marionette	INFO	Stopped listening on port 40273

###!!! [Parent][RunMessage] Error: Channel closing: too late to send/recv, messages will be lost

1620509462986	geckodriver	INFO	Listening on 127.0.0.1:54507
1620509462996	mozrunner::runner	INFO	Running command: "/usr/bin/firefox" "--marionette" "-foreground" "-no-remote" "-profile" "/tmp/rust_mozprofilecgv5Bp"
1620509465013	Marionette	INFO	Marionette enabled
console.warn: SearchSettings: "get: No settings file exists, new profile?" (new Error("", "(unknown module)"))
1620509468967	Marionette	INFO	Listening on port 43893
1620509469052	Marionette	WARN	TLS certificate errors will be ignored for this session
1620509480073	Marionette	WARN	Ignoring event 'DOMContentLoaded' because document has an invalid readyState of 'complete'.
JavaScript error: , line 0: TypeError: NetworkError when attempting to fetch resource.

###!!! [Child][RunMessage] Error: Channel closing: too late to send/recv, messages will be lost


###!!! [Child][RunMessage] Error: Channel closing: too late to send/recv, messages will be lost


###!!! [Child][RunMessage] Error: Channel closing: too late to send/recv, messages will be lost


###!!! [Child][RunMessage] Error: Channel closing: too late to send/recv, messages will be lost


###!!! [Child][RunMessage] Error: Channel closing: too late to send/recv, messages will be lost


###!!! [Child][RunMessage] Error: Channel closing: too late to send/recv, messages will be lost

1620509494885	Marionette	INFO	Stopped listening on port 43893
1620509717037	geckodriver	INFO	Listening on 127.0.0.1:35895
1620509717046	mozrunner::runner	INFO	Running command: "/usr/bin/firefox" "--marionette" "-foreground" "-no-remote" "-profile" "/tmp/rust_mozprofileJMFipr"
1620509718970	Marionette	INFO	Marionette enabled
console.warn: SearchSettings: "get: No settings file exists, new profile?" (new Error("", "(unknown module)"))
1620509722407	Marionette	INFO	Listening on port 46445
1620509722511	Marionette	WARN	TLS certificate errors will be ignored for this session
JavaScript error: resource://gre/modules/UrlClassifierListManager.jsm, line 691: TypeError: this.tablesData[table] is undefined
Marionette threw an error: NotFoundError: WindowGlobalParent.getActor: No such JSWindowActor 'MarionetteCommands'
getMarionetteCommandsActorProxy/get/<@chrome://marionette/content/actors/MarionetteCommandsParent.jsm:327:69
unregisterCommandsActor@chrome://marionette/content/actors/MarionetteCommandsParent.jsm:390:15
GeckoDriver.prototype.deleteSession@chrome://marionette/content/driver.js:2335:3
onClosed@chrome://marionette/content/server.js:194:17
close@chrome://marionette/content/transport.js:225:18
onInputStreamReady@chrome://marionette/content/transport.js:379:14

JavaScript error: , line 0: NotFoundError: No such JSWindowActor 'MarionetteCommands'
JavaScript error: resource://gre/modules/AsyncShutdown.jsm, line 575: NotFoundError: No such JSWindowActor 'MarionetteEvents'
JavaScript error: resource://gre/modules/AsyncShutdown.jsm, line 575: NotFoundError: No such JSWindowActor 'MarionetteEvents'
JavaScript error: resource://gre/modules/AsyncShutdown.jsm, line 575: NotFoundError: No such JSWindowActor 'MarionetteEvents'
JavaScript error: resource://gre/modules/AsyncShutdown.jsm, line 575: NotFoundError: No such JSWindowActor 'MarionetteEvents'
JavaScript error: resource://gre/modules/AsyncShutdown.jsm, line 575: NotFoundError: No such JSWindowActor 'MarionetteEvents'
JavaScript error: resource://gre/modules/AsyncShutdown.jsm, line 575: NotFoundError: No such JSWindowActor 'MarionetteEvents'
JavaScript error: resource://gre/modules/AsyncShutdown.jsm, line 575: NotFoundError: No such JSWindowActor 'MarionetteEvents'
JavaScript error: resource://gre/modules/AsyncShutdown.jsm, line 575: NotFoundError: No such JSWindowActor 'MarionetteEvents'
JavaScript error: resource://gre/modules/AsyncShutdown.jsm, line 575: NotFoundError: No such JSWindowActor 'MarionetteEvents'
JavaScript error: resource://gre/modules/AsyncShutdown.jsm, line 575: NotFoundError: No such JSWindowActor 'MarionetteEvents'
JavaScript error: resource://gre/modules/AsyncShutdown.jsm, line 575: NotFoundError: No such JSWindowActor 'MarionetteEvents'
JavaScript error: resource://gre/modules/AsyncShutdown.jsm, line 575: NotFoundError: No such JSWindowActor 'MarionetteEvents'
JavaScript error: resource://gre/modules/AsyncShutdown.jsm, line 575: NotFoundError: No such JSWindowActor 'MarionetteEvents'
JavaScript error: resource://gre/modules/AsyncShutdown.jsm, line 575: NotFoundError: No such JSWindowActor 'MarionetteEvents'
JavaScript error: resource://gre/modules/AsyncShutdown.jsm, line 575: NotFoundError: No such JSWindowActor 'MarionetteEvents'
JavaScript error: resource://gre/modules/AsyncShutdown.jsm, line 575: NotFoundError: No such JSWindowActor 'MarionetteEvents'
JavaScript error: resource://gre/modules/AsyncShutdown.jsm, line 575: NotFoundError: No such JSWindowActor 'MarionetteEvents'
JavaScript error: resource://gre/modules/AsyncShutdown.jsm, line 575: NotFoundError: No such JSWindowActor 'MarionetteEvents'
JavaScript error: resource://gre/modules/AsyncShutdown.jsm, line 575: NotFoundError: No such JSWindowActor 'MarionetteEvents'
JavaScript error: resource://gre/modules/AsyncShutdown.jsm, line 575: NotFoundError: No such JSWindowActor 'MarionetteEvents'
JavaScript error: resource://gre/modules/AsyncShutdown.jsm, line 575: NotFoundError: No such JSWindowActor 'MarionetteEvents'
JavaScript error: resource://gre/modules/AsyncShutdown.jsm, line 575: NotFoundError: No such JSWindowActor 'MarionetteEvents'
JavaScript error: resource://gre/modules/AsyncShutdown.jsm, line 575: NotFoundError: No such JSWindowActor 'MarionetteEvents'
JavaScript error: , line 0: TypeError: NetworkError when attempting to fetch resource.

###!!! [Child][RunMessage] Error: Channel closing: too late to send/recv, messages will be lost

1620509734592	Marionette	INFO	Stopped listening on port 46445

###!!! [Parent][RunMessage] Error: Channel closing: too late to send/recv, messages will be lost

1620509779821	geckodriver	INFO	Listening on 127.0.0.1:36071
1620509779830	mozrunner::runner	INFO	Running command: "/usr/bin/firefox" "--marionette" "-foreground" "-no-remote" "-profile" "/tmp/rust_mozprofile61s5cJ"
1620509781908	Marionette	INFO	Marionette enabled
console.warn: SearchSettings: "get: No settings file exists, new profile?" (new Error("", "(unknown module)"))
1620509785304	Marionette	INFO	Listening on port 45195
1620509785410	Marionette	WARN	TLS certificate errors will be ignored for this session
JavaScript error: , line 0: TypeError: NetworkError when attempting to fetch resource.
JavaScript error: , line 0: TypeError: NetworkError when attempting to fetch resource.
JavaScript error: , line 0: TypeError: NetworkError when attempting to fetch resource.
JavaScript error: , line 0: TypeError: NetworkError when attempting to fetch resource.
JavaScript error: , line 0: TypeError: NetworkError when attempting to fetch resource.
Marionette threw an error: NotFoundError: WindowGlobalParent.getActor: No such JSWindowActor 'MarionetteCommands'
getMarionetteCommandsActorProxy/get/<@chrome://marionette/content/actors/MarionetteCommandsParent.jsm:327:69
unregisterCommandsActor@chrome://marionette/content/actors/MarionetteCommandsParent.jsm:390:15
GeckoDriver.prototype.deleteSession@chrome://marionette/content/driver.js:2335:3
onClosed@chrome://marionette/content/server.js:194:17
close@chrome://marionette/content/transport.js:225:18
onInputStreamReady@chrome://marionette/content/transport.js:379:14

JavaScript error: resource://gre/modules/AsyncShutdown.jsm, line 575: NotFoundError: No such JSWindowActor 'MarionetteEvents'
JavaScript error: resource://gre/modules/AsyncShutdown.jsm, line 575: NotFoundError: No such JSWindowActor 'MarionetteEvents'
JavaScript error: resource://gre/modules/AsyncShutdown.jsm, line 575: NotFoundError: No such JSWindowActor 'MarionetteEvents'
JavaScript error: resource://gre/modules/AsyncShutdown.jsm, line 575: NotFoundError: No such JSWindowActor 'MarionetteEvents'
JavaScript error: resource://gre/modules/AsyncShutdown.jsm, line 575: NotFoundError: No such JSWindowActor 'MarionetteEvents'
JavaScript error: resource://gre/modules/AsyncShutdown.jsm, line 575: NotFoundError: No such JSWindowActor 'MarionetteEvents'
JavaScript error: resource://gre/modules/AsyncShutdown.jsm, line 575: NotFoundError: No such JSWindowActor 'MarionetteEvents'
JavaScript error: resource://gre/modules/AsyncShutdown.jsm, line 575: NotFoundError: No such JSWindowActor 'MarionetteEvents'
JavaScript error: resource://gre/modules/AsyncShutdown.jsm, line 575: NotFoundError: No such JSWindowActor 'MarionetteEvents'
JavaScript error: resource://gre/modules/AsyncShutdown.jsm, line 575: NotFoundError: No such JSWindowActor 'MarionetteEvents'
JavaScript error: resource://gre/modules/AsyncShutdown.jsm, line 575: NotFoundError: No such JSWindowActor 'MarionetteEvents'
JavaScript error: resource://gre/modules/AsyncShutdown.jsm, line 575: NotFoundError: No such JSWindowActor 'MarionetteEvents'
JavaScript error: resource://gre/modules/AsyncShutdown.jsm, line 575: NotFoundError: No such JSWindowActor 'MarionetteCommands'
JavaScript error: resource://gre/modules/AsyncShutdown.jsm, line 575: NotFoundError: No such JSWindowActor 'MarionetteEvents'
JavaScript error: resource://gre/modules/AsyncShutdown.jsm, line 575: NotFoundError: No such JSWindowActor 'MarionetteEvents'
JavaScript error: resource://gre/modules/AsyncShutdown.jsm, line 575: NotFoundError: No such JSWindowActor 'MarionetteEvents'
JavaScript error: resource://gre/modules/AsyncShutdown.jsm, line 575: NotFoundError: No such JSWindowActor 'MarionetteEvents'
JavaScript error: resource://gre/modules/AsyncShutdown.jsm, line 575: NotFoundError: No such JSWindowActor 'MarionetteEvents'
JavaScript error: resource://gre/modules/AsyncShutdown.jsm, line 575: NotFoundError: No such JSWindowActor 'MarionetteEvents'
JavaScript error: resource://gre/modules/AsyncShutdown.jsm, line 575: NotFoundError: No such JSWindowActor 'MarionetteEvents'
JavaScript error: resource://gre/modules/AsyncShutdown.jsm, line 575: NotFoundError: No such JSWindowActor 'MarionetteEvents'
JavaScript error: resource://gre/modules/AsyncShutdown.jsm, line 575: NotFoundError: No such JSWindowActor 'MarionetteEvents'
JavaScript error: resource://gre/modules/AsyncShutdown.jsm, line 575: NotFoundError: No such JSWindowActor 'MarionetteEvents'
JavaScript error: resource://gre/modules/AsyncShutdown.jsm, line 575: NotFoundError: No such JSWindowActor 'MarionetteEvents'
JavaScript error: resource://gre/modules/AsyncShutdown.jsm, line 575: NotFoundError: No such JSWindowActor 'MarionetteEvents'
JavaScript error: resource://gre/modules/AsyncShutdown.jsm, line 575: NotFoundError: No such JSWindowActor 'MarionetteEvents'
JavaScript error: resource://gre/modules/AsyncShutdown.jsm, line 575: NotFoundError: No such JSWindowActor 'MarionetteEvents'
JavaScript error: resource://gre/modules/AsyncShutdown.jsm, line 575: NotFoundError: No such JSWindowActor 'MarionetteEvents'
JavaScript error: resource://gre/modules/AsyncShutdown.jsm, line 575: NotFoundError: No such JSWindowActor 'MarionetteEvents'
JavaScript error: resource://gre/modules/AsyncShutdown.jsm, line 575: NotFoundError: No such JSWindowActor 'MarionetteEvents'
JavaScript error: resource://gre/modules/AsyncShutdown.jsm, line 575: NotFoundError: No such JSWindowActor 'MarionetteEvents'
JavaScript error: resource://gre/modules/AsyncShutdown.jsm, line 575: NotFoundError: No such JSWindowActor 'MarionetteEvents'
JavaScript error: resource://gre/modules/AsyncShutdown.jsm, line 575: NotFoundError: No such JSWindowActor 'MarionetteEvents'
JavaScript error: resource://gre/modules/AsyncShutdown.jsm, line 575: NotFoundError: No such JSWindowActor 'MarionetteEvents'
JavaScript error: resource://gre/modules/AsyncShutdown.jsm, line 575: NotFoundError: No such JSWindowActor 'MarionetteEvents'
JavaScript error: resource://gre/modules/AsyncShutdown.jsm, line 575: NotFoundError: No such JSWindowActor 'MarionetteEvents'
JavaScript error: resource://gre/modules/AsyncShutdown.jsm, line 575: NotFoundError: No such JSWindowActor 'MarionetteEvents'
JavaScript error: resource://gre/modules/AsyncShutdown.jsm, line 575: NotFoundError: No such JSWindowActor 'MarionetteEvents'
JavaScript error: resource://gre/modules/AsyncShutdown.jsm, line 575: NotFoundError: No such JSWindowActor 'MarionetteEvents'
JavaScript error: resource://gre/modules/AsyncShutdown.jsm, line 575: NotFoundError: No such JSWindowActor 'MarionetteEvents'
JavaScript error: resource://gre/modules/AsyncShutdown.jsm, line 575: NotFoundError: No such JSWindowActor 'MarionetteEvents'
JavaScript error: resource://gre/modules/AsyncShutdown.jsm, line 575: NotFoundError: No such JSWindowActor 'MarionetteEvents'
JavaScript error: resource://gre/modules/AsyncShutdown.jsm, line 575: NotFoundError: No such JSWindowActor 'MarionetteEvents'
JavaScript error: resource://gre/modules/AsyncShutdown.jsm, line 575: NotFoundError: No such JSWindowActor 'MarionetteEvents'
JavaScript error: resource://gre/modules/AsyncShutdown.jsm, line 575: NotFoundError: No such JSWindowActor 'MarionetteEvents'
JavaScript error: resource://gre/modules/AsyncShutdown.jsm, line 575: NotFoundError: No such JSWindowActor 'MarionetteEvents'
JavaScript error: resource://gre/modules/AsyncShutdown.jsm, line 575: NotFoundError: No such JSWindowActor 'MarionetteEvents'
JavaScript error: resource://gre/modules/AsyncShutdown.jsm, line 575: NotFoundError: No such JSWindowActor 'MarionetteEvents'
JavaScript error: resource://gre/modules/AsyncShutdown.jsm, line 575: NotFoundError: No such JSWindowActor 'MarionetteEvents'
JavaScript error: resource://gre/modules/AsyncShutdown.jsm, line 575: NotFoundError: No such JSWindowActor 'MarionetteEvents'
JavaScript error: resource://gre/modules/AsyncShutdown.jsm, line 575: NotFoundError: No such JSWindowActor 'MarionetteEvents'
JavaScript error: resource://gre/modules/AsyncShutdown.jsm, line 575: NotFoundError: No such JSWindowActor 'MarionetteEvents'
JavaScript error: resource://gre/modules/AsyncShutdown.jsm, line 575: NotFoundError: No such JSWindowActor 'MarionetteEvents'
JavaScript error: resource://gre/modules/AsyncShutdown.jsm, line 575: NotFoundError: No such JSWindowActor 'MarionetteEvents'
JavaScript error: resource://gre/modules/AsyncShutdown.jsm, line 575: NotFoundError: No such JSWindowActor 'MarionetteEvents'
JavaScript error: resource://gre/modules/AsyncShutdown.jsm, line 575: NotFoundError: No such JSWindowActor 'MarionetteEvents'
JavaScript error: resource://gre/modules/AsyncShutdown.jsm, line 575: NotFoundError: No such JSWindowActor 'MarionetteEvents'
JavaScript error: resource://gre/modules/AsyncShutdown.jsm, line 575: NotFoundError: No such JSWindowActor 'MarionetteEvents'
JavaScript error: resource://gre/modules/AsyncShutdown.jsm, line 575: NotFoundError: No such JSWindowActor 'MarionetteEvents'
JavaScript error: resource://gre/modules/AsyncShutdown.jsm, line 575: NotFoundError: No such JSWindowActor 'MarionetteEvents'
JavaScript error: resource://gre/modules/AsyncShutdown.jsm, line 575: NotFoundError: No such JSWindowActor 'MarionetteEvents'
JavaScript error: resource://gre/modules/AsyncShutdown.jsm, line 575: NotFoundError: No such JSWindowActor 'MarionetteEvents'
JavaScript error: resource://gre/modules/AsyncShutdown.jsm, line 575: NotFoundError: No such JSWindowActor 'MarionetteEvents'
JavaScript error: resource://gre/modules/AsyncShutdown.jsm, line 575: NotFoundError: No such JSWindowActor 'MarionetteEvents'
JavaScript error: resource://gre/modules/AsyncShutdown.jsm, line 575: NotFoundError: No such JSWindowActor 'MarionetteEvents'
JavaScript error: resource://gre/modules/AsyncShutdown.jsm, line 575: NotFoundError: No such JSWindowActor 'MarionetteEvents'
JavaScript error: resource://gre/modules/AsyncShutdown.jsm, line 575: NotFoundError: No such JSWindowActor 'MarionetteEvents'
JavaScript error: resource://gre/modules/AsyncShutdown.jsm, line 575: NotFoundError: No such JSWindowActor 'MarionetteEvents'
JavaScript error: resource://gre/modules/AsyncShutdown.jsm, line 575: NotFoundError: No such JSWindowActor 'MarionetteEvents'
JavaScript error: resource://gre/modules/AsyncShutdown.jsm, line 575: NotFoundError: No such JSWindowActor 'MarionetteEvents'
JavaScript error: resource://gre/modules/AsyncShutdown.jsm, line 575: NotFoundError: No such JSWindowActor 'MarionetteEvents'
JavaScript error: resource://gre/modules/AsyncShutdown.jsm, line 575: NotFoundError: No such JSWindowActor 'MarionetteEvents'
JavaScript error: resource://gre/modules/AsyncShutdown.jsm, line 575: NotFoundError: No such JSWindowActor 'MarionetteEvents'
1620510774320	geckodriver	INFO	Listening on 127.0.0.1:43835
1620510774329	mozrunner::runner	INFO	Running command: "/usr/bin/firefox" "--marionette" "-foreground" "-no-remote" "-profile" "/tmp/rust_mozprofileOCEQXw"
1620510776341	Marionette	INFO	Marionette enabled
console.warn: SearchSettings: "get: No settings file exists, new profile?" (new Error("", "(unknown module)"))
1620510779916	Marionette	INFO	Listening on port 38799
1620510779999	Marionette	WARN	TLS certificate errors will be ignored for this session
JavaScript warning: https://hhcdn.ru/.well-known/ddos-guard/check, line 1: WebGL context was lost.
JavaScript warning: https://hhcdn.ru/.well-known/ddos-guard/check, line 1: WebGL context was lost.
JavaScript warning: https://hhcdn.ru/.well-known/ddos-guard/check, line 1: WebGL context was lost.
JavaScript warning: https://hhcdn.ru/.well-known/ddos-guard/check, line 1: WebGL context was lost.
JavaScript error: , line 0: NotFoundError: No such JSWindowActor 'MarionetteEvents'
1620510808253	Marionette	INFO	Stopped listening on port 38799
1620510972217	geckodriver	INFO	Listening on 127.0.0.1:46757
1620510972225	mozrunner::runner	INFO	Running command: "/usr/bin/firefox" "--marionette" "-foreground" "-no-remote" "-profile" "/tmp/rust_mozprofileBibgDh"
1620510974200	Marionette	INFO	Marionette enabled
console.warn: SearchSettings: "get: No settings file exists, new profile?" (new Error("", "(unknown module)"))
1620510978199	Marionette	INFO	Listening on port 40999
1620510978348	Marionette	WARN	TLS certificate errors will be ignored for this session
JavaScript error: https://yastatic.net/s3/front-maps-static/maps-front-jsapi-v2-1/2.1.78-11/build/release/full-ffb813a29f30feadb63b5654242d042b7b6a91aa.js, line 517: NS_ERROR_NOT_INITIALIZED: 
JavaScript error: https://yastatic.net/s3/front-maps-static/maps-front-jsapi-v2-1/2.1.78-11/build/release/full-ffb813a29f30feadb63b5654242d042b7b6a91aa.js, line 517: NS_ERROR_NOT_INITIALIZED: 
JavaScript error: https://yastatic.net/s3/front-maps-static/maps-front-jsapi-v2-1/2.1.78-11/build/release/full-ffb813a29f30feadb63b5654242d042b7b6a91aa.js, line 517: NS_ERROR_NOT_INITIALIZED: 
JavaScript error: https://yastatic.net/s3/front-maps-static/maps-front-jsapi-v2-1/2.1.78-11/build/release/full-ffb813a29f30feadb63b5654242d042b7b6a91aa.js, line 517: NS_ERROR_NOT_INITIALIZED: 
JavaScript error: https://yastatic.net/s3/front-maps-static/maps-front-jsapi-v2-1/2.1.78-11/build/release/full-ffb813a29f30feadb63b5654242d042b7b6a91aa.js, line 517: NS_ERROR_NOT_INITIALIZED: 
1620510994872	Marionette	INFO	Stopped listening on port 40999

###!!! [Parent][RunMessage] Error: Channel closing: too late to send/recv, messages will be lost

1620511044048	geckodriver	INFO	Listening on 127.0.0.1:56267
1620511044057	mozrunner::runner	INFO	Running command: "/usr/bin/firefox" "--marionette" "-foreground" "-no-remote" "-profile" "/tmp/rust_mozprofileHqjjDY"
1620511046099	Marionette	INFO	Marionette enabled
console.warn: SearchSettings: "get: No settings file exists, new profile?" (new Error("", "(unknown module)"))
1620511049700	Marionette	INFO	Listening on port 35707
1620511049803	Marionette	WARN	TLS certificate errors will be ignored for this session
1620511070359	Marionette	INFO	Stopped listening on port 35707
1620511202389	geckodriver	INFO	Listening on 127.0.0.1:38843
1620511202398	mozrunner::runner	INFO	Running command: "/usr/bin/firefox" "--marionette" "-foreground" "-no-remote" "-profile" "/tmp/rust_mozprofile5Dpk1D"
1620511204630	Marionette	INFO	Marionette enabled
console.warn: SearchSettings: "get: No settings file exists, new profile?" (new Error("", "(unknown module)"))
1620511208682	Marionette	INFO	Listening on port 36603
1620511208748	Marionette	WARN	TLS certificate errors will be ignored for this session
JavaScript warning: https://hhcdn.ru/.well-known/ddos-guard/check, line 1: WebGL context was lost.
JavaScript warning: https://hhcdn.ru/.well-known/ddos-guard/check, line 1: WebGL context was lost.
JavaScript warning: https://hhcdn.ru/.well-known/ddos-guard/check, line 1: WebGL context was lost.
JavaScript warning: https://hhcdn.ru/.well-known/ddos-guard/check, line 1: WebGL context was lost.
JavaScript error: , line 0: NotFoundError: No such JSWindowActor 'MarionetteEvents'
JavaScript error: , line 0: TypeError: NetworkError when attempting to fetch resource.
1620511247727	Marionette	INFO	Stopped listening on port 36603
1620511879613	geckodriver	INFO	Listening on 127.0.0.1:60649
1620511879622	mozrunner::runner	INFO	Running command: "/usr/bin/firefox" "--marionette" "-foreground" "-no-remote" "-profile" "/tmp/rust_mozprofilenQM9jl"
1620511881644	Marionette	INFO	Marionette enabled
console.warn: SearchSettings: "get: No settings file exists, new profile?" (new Error("", "(unknown module)"))
1620511885341	Marionette	INFO	Listening on port 42191
1620511885505	Marionette	WARN	TLS certificate errors will be ignored for this session
JavaScript error: , line 0: TypeError: NetworkError when attempting to fetch resource.
1620511921319	Marionette	INFO	Stopped listening on port 42191
1620511922979	geckodriver	INFO	Listening on 127.0.0.1:46515
1620511922987	mozrunner::runner	INFO	Running command: "/usr/bin/firefox" "--marionette" "-foreground" "-no-remote" "-profile" "/tmp/rust_mozprofileZMYmPP"
1620511924981	Marionette	INFO	Marionette enabled
console.warn: SearchSettings: "get: No settings file exists, new profile?" (new Error("", "(unknown module)"))
1620511928678	Marionette	INFO	Listening on port 44843
1620511928742	Marionette	WARN	TLS certificate errors will be ignored for this session
JavaScript error: , line 0: TypeError: NetworkError when attempting to fetch resource.
JavaScript error: resource://devtools/client/framework/toolbox.js, line 1949: TypeError: currentPanel is undefined
*** UTM:SVC TimerManager:registerTimer called after profile-before-change notification. Ignoring timer registration for id: telemetry_modules_ping
1620511985869	Marionette	INFO	Stopped listening on port 44843

###!!! [Parent][RunMessage] Error: Channel closing: too late to send/recv, messages will be lost

1620511987257	geckodriver	INFO	Listening on 127.0.0.1:47783
1620511987266	mozrunner::runner	INFO	Running command: "/usr/bin/firefox" "--marionette" "-foreground" "-no-remote" "-profile" "/tmp/rust_mozprofileT9BJw8"
1620511989419	Marionette	INFO	Marionette enabled
console.warn: SearchSettings: "get: No settings file exists, new profile?" (new Error("", "(unknown module)"))
1620511993414	Marionette	INFO	Listening on port 35343
1620511993522	Marionette	WARN	TLS certificate errors will be ignored for this session
JavaScript error: , line 0: TypeError: NetworkError when attempting to fetch resource.
JavaScript error: resource://gre/actors/AutoCompleteChild.jsm, line 125: Error: Invalid autocomplete selectedIndex

###!!! [Child][RunMessage] Error: Channel closing: too late to send/recv, messages will be lost


###!!! [Child][RunMessage] Error: Channel closing: too late to send/recv, messages will be lost


###!!! [Child][RunMessage] Error: Channel closing: too late to send/recv, messages will be lost


###!!! [Child][RunMessage] Error: Channel closing: too late to send/recv, messages will be lost

1620512122060	geckodriver	INFO	Listening on 127.0.0.1:55483
1620512122068	mozrunner::runner	INFO	Running command: "/usr/bin/firefox" "--marionette" "-foreground" "-no-remote" "-profile" "/tmp/rust_mozprofileeZ3Cpv"
1620512122251	Marionette	INFO	Stopped listening on port 35343

###!!! [Parent][RunMessage] Error: Channel closing: too late to send/recv, messages will be lost

1620512124216	Marionette	INFO	Marionette enabled
console.warn: SearchSettings: "get: No settings file exists, new profile?" (new Error("", "(unknown module)"))
1620512127782	Marionette	INFO	Listening on port 38483
1620512127973	Marionette	WARN	TLS certificate errors will be ignored for this session
JavaScript error: , line 0: TypeError: NetworkError when attempting to fetch resource.
1620512157722	Marionette	INFO	Stopped listening on port 38483
1620512176042	geckodriver	INFO	Listening on 127.0.0.1:48415
1620512176051	mozrunner::runner	INFO	Running command: "/usr/bin/firefox" "--marionette" "-foreground" "-no-remote" "-profile" "/tmp/rust_mozprofile9BaBr9"
1620512178263	Marionette	INFO	Marionette enabled
console.warn: SearchSettings: "get: No settings file exists, new profile?" (new Error("", "(unknown module)"))
1620512181889	Marionette	INFO	Listening on port 37215
1620512181988	Marionette	WARN	TLS certificate errors will be ignored for this session
JavaScript error: , line 0: NotFoundError: No such JSWindowActor 'MarionetteEvents'
JavaScript error: , line 0: TypeError: NetworkError when attempting to fetch resource.

###!!! [Child][MessageChannel] Error: (msgtype=0x5D0009,name=PHttpChannel::Msg_DeletingChannel) Channel closing: too late to send/recv, messages will be lost

1620512289298	Marionette	INFO	Stopped listening on port 37215
1620512293083	geckodriver	INFO	Listening on 127.0.0.1:34671
1620512293092	mozrunner::runner	INFO	Running command: "/usr/bin/firefox" "--marionette" "-foreground" "-no-remote" "-profile" "/tmp/rust_mozprofileOa6H9d"
1620512295033	Marionette	INFO	Marionette enabled
console.warn: SearchSettings: "get: No settings file exists, new profile?" (new Error("", "(unknown module)"))
1620512298478	Marionette	INFO	Listening on port 40475
1620512298619	Marionette	WARN	TLS certificate errors will be ignored for this session
JavaScript error: , line 0: TypeError: NetworkError when attempting to fetch resource.
1620512328895	Marionette	INFO	Stopped listening on port 40475

###!!! [Parent][RunMessage] Error: Channel closing: too late to send/recv, messages will be lost

1620512391059	geckodriver	INFO	Listening on 127.0.0.1:40527
1620512391069	mozrunner::runner	INFO	Running command: "/usr/bin/firefox" "--marionette" "-foreground" "-no-remote" "-profile" "/tmp/rust_mozprofile9PIXDi"
1620512393098	Marionette	INFO	Marionette enabled
console.warn: SearchSettings: "get: No settings file exists, new profile?" (new Error("", "(unknown module)"))
1620512396638	Marionette	INFO	Listening on port 38593
1620512396723	Marionette	WARN	TLS certificate errors will be ignored for this session
JavaScript error: , line 0: TypeError: NetworkError when attempting to fetch resource.
1620512431407	Marionette	INFO	Stopped listening on port 38593

###!!! [Parent][RunMessage] Error: Channel closing: too late to send/recv, messages will be lost

1620512437269	geckodriver	INFO	Listening on 127.0.0.1:35101
1620512437280	mozrunner::runner	INFO	Running command: "/usr/bin/firefox" "--marionette" "-foreground" "-no-remote" "-profile" "/tmp/rust_mozprofilexwLEIy"
1620512439337	Marionette	INFO	Marionette enabled
console.warn: SearchSettings: "get: No settings file exists, new profile?" (new Error("", "(unknown module)"))
1620512443524	Marionette	INFO	Listening on port 40555
1620512443637	Marionette	WARN	TLS certificate errors will be ignored for this session
JavaScript error: , line 0: TypeError: NetworkError when attempting to fetch resource.
1620512469708	Marionette	INFO	Stopped listening on port 40555

###!!! [Parent][RunMessage] Error: Channel closing: too late to send/recv, messages will be lost

1620512770450	geckodriver	INFO	Listening on 127.0.0.1:40551
1620512770458	mozrunner::runner	INFO	Running command: "/usr/bin/firefox" "--marionette" "-foreground" "-no-remote" "-profile" "/tmp/rust_mozprofiles83X8V"
1620512772556	Marionette	INFO	Marionette enabled
console.warn: SearchSettings: "get: No settings file exists, new profile?" (new Error("", "(unknown module)"))
1620512776361	Marionette	INFO	Listening on port 44931
1620512776435	Marionette	WARN	TLS certificate errors will be ignored for this session
JavaScript error: , line 0: TypeError: NetworkError when attempting to fetch resource.
JavaScript error: resource:///modules/FaviconLoader.jsm, line 596: InvalidStateError: JSWindowActorChild.sendAsyncMessage: JSWindowActorChild cannot send at the moment
JavaScript error: resource:///modules/FaviconLoader.jsm, line 596: InvalidStateError: JSWindowActorChild.sendAsyncMessage: JSWindowActorChild cannot send at the moment
1620512809355	Marionette	INFO	Stopped listening on port 44931

###!!! [Parent][RunMessage] Error: Channel closing: too late to send/recv, messages will be lost

1620513127822	geckodriver	INFO	Listening on 127.0.0.1:46969
1620513127830	mozrunner::runner	INFO	Running command: "/usr/bin/firefox" "--marionette" "-foreground" "-no-remote" "-profile" "/tmp/rust_mozprofile86BQkO"
1620513129744	Marionette	INFO	Marionette enabled
console.warn: SearchSettings: "get: No settings file exists, new profile?" (new Error("", "(unknown module)"))
1620513133582	Marionette	INFO	Listening on port 43359
1620513133735	Marionette	WARN	TLS certificate errors will be ignored for this session
JavaScript error: , line 0: TypeError: NetworkError when attempting to fetch resource.
1620513168244	Marionette	INFO	Stopped listening on port 43359
1620513239466	geckodriver	INFO	Listening on 127.0.0.1:39475
1620513239474	mozrunner::runner	INFO	Running command: "/usr/bin/firefox" "--marionette" "-foreground" "-no-remote" "-profile" "/tmp/rust_mozprofile8b6Voo"
1620513241535	Marionette	INFO	Marionette enabled
console.warn: SearchSettings: "get: No settings file exists, new profile?" (new Error("", "(unknown module)"))
1620513245435	Marionette	INFO	Listening on port 38039
1620513245536	Marionette	WARN	TLS certificate errors will be ignored for this session
JavaScript error: , line 0: TypeError: NetworkError when attempting to fetch resource.
1620513274367	Marionette	INFO	Stopped listening on port 38039

###!!! [Parent][RunMessage] Error: Channel closing: too late to send/recv, messages will be lost

1620513276702	geckodriver	INFO	Listening on 127.0.0.1:39349
1620513276710	mozrunner::runner	INFO	Running command: "/usr/bin/firefox" "--marionette" "-foreground" "-no-remote" "-profile" "/tmp/rust_mozprofileRt6b7J"
1620513278785	Marionette	INFO	Marionette enabled
console.warn: SearchSettings: "get: No settings file exists, new profile?" (new Error("", "(unknown module)"))
1620513282381	Marionette	INFO	Listening on port 36563
1620513282473	Marionette	WARN	TLS certificate errors will be ignored for this session
1620513298222	Marionette	INFO	Stopped listening on port 36563
1620513464550	geckodriver	INFO	Listening on 127.0.0.1:50269
1620513464560	mozrunner::runner	INFO	Running command: "/usr/bin/firefox" "--marionette" "-foreground" "-no-remote" "-profile" "/tmp/rust_mozprofilewCAiSp"
1620513466608	Marionette	INFO	Marionette enabled
console.warn: SearchSettings: "get: No settings file exists, new profile?" (new Error("", "(unknown module)"))
1620513470658	Marionette	INFO	Listening on port 40855
1620513470708	Marionette	WARN	TLS certificate errors will be ignored for this session
1620513504338	Marionette	INFO	Stopped listening on port 40855

###!!! [Parent][RunMessage] Error: Channel closing: too late to send/recv, messages will be lost

1620513506190	geckodriver	INFO	Listening on 127.0.0.1:40093
1620513506199	mozrunner::runner	INFO	Running command: "/usr/bin/firefox" "--marionette" "-foreground" "-no-remote" "-profile" "/tmp/rust_mozprofileapwkgL"
1620513508272	Marionette	INFO	Marionette enabled
console.warn: SearchSettings: "get: No settings file exists, new profile?" (new Error("", "(unknown module)"))
1620513512269	Marionette	INFO	Listening on port 37767
1620513512346	Marionette	WARN	TLS certificate errors will be ignored for this session
JavaScript warning: https://hhcdn.ru/.well-known/ddos-guard/check, line 1: WebGL context was lost.
JavaScript warning: https://hhcdn.ru/.well-known/ddos-guard/check, line 1: WebGL context was lost.
JavaScript warning: https://hhcdn.ru/.well-known/ddos-guard/check, line 1: WebGL context was lost.
JavaScript warning: https://hhcdn.ru/.well-known/ddos-guard/check, line 1: WebGL context was lost.
JavaScript warning: https://hhcdn.ru/.well-known/ddos-guard/check, line 1: WebGL context was lost.
JavaScript warning: https://hhcdn.ru/.well-known/ddos-guard/check, line 1: WebGL context was lost.
JavaScript warning: https://hhcdn.ru/.well-known/ddos-guard/check, line 1: WebGL context was lost.
JavaScript warning: https://hhcdn.ru/.well-known/ddos-guard/check, line 1: WebGL context was lost.
1620513598320	Marionette	INFO	Stopped listening on port 37767
1620513600858	geckodriver	INFO	Listening on 127.0.0.1:45241
1620513600868	mozrunner::runner	INFO	Running command: "/usr/bin/firefox" "--marionette" "-foreground" "-no-remote" "-profile" "/tmp/rust_mozprofileTr96Ii"
1620513603036	Marionette	INFO	Marionette enabled
console.warn: SearchSettings: "get: No settings file exists, new profile?" (new Error("", "(unknown module)"))
1620513606660	Marionette	INFO	Listening on port 38799
1620513606727	Marionette	WARN	TLS certificate errors will be ignored for this session
1620513617801	Marionette	WARN	Ignoring event 'DOMContentLoaded' because document has an invalid readyState of 'complete'.
JavaScript error: https://yastatic.net/pcode/adfox/loader.js, line 1: ChunkLoadError: Loading chunk 17 failed.
(error: https://yastatic.net/partner-code-bundles/14589/07fd0073c9f77801959c.js)
JavaScript error: https://yastatic.net/pcode/adfox/loader.js, line 1: ChunkLoadError: Loading chunk 17 failed.
(error: https://yastatic.net/partner-code-bundles/14589/07fd0073c9f77801959c.js)
JavaScript error: https://yastatic.net/safeframe-bundles/0.80/host.js, line 1: NS_ERROR_FAILURE: 
JavaScript error: https://yastatic.net/safeframe-bundles/0.80/host.js, line 1: NS_ERROR_FAILURE: 
JavaScript error: , line 0: TypeError: NetworkError when attempting to fetch resource.
1620513640735	Marionette	INFO	Stopped listening on port 38799
1620513675074	geckodriver	INFO	Listening on 127.0.0.1:37467
1620513675082	mozrunner::runner	INFO	Running command: "/usr/bin/firefox" "--marionette" "-foreground" "-no-remote" "-profile" "/tmp/rust_mozprofile2xB3H2"
1620513677132	Marionette	INFO	Marionette enabled
console.warn: SearchSettings: "get: No settings file exists, new profile?" (new Error("", "(unknown module)"))
1620513680940	Marionette	INFO	Listening on port 40745
1620513681033	Marionette	WARN	TLS certificate errors will be ignored for this session
JavaScript error: , line 0: TypeError: NetworkError when attempting to fetch resource.
JavaScript error: https://www.youtube.com/s/player/838cc154/player_ias.vflset/en_US/base.js, line 1388: NS_ERROR_NOT_INITIALIZED: 
1620513708681	Marionette	INFO	Stopped listening on port 40745

###!!! [Parent][RunMessage] Error: Channel closing: too late to send/recv, messages will be lost

1620513716891	geckodriver	INFO	Listening on 127.0.0.1:53245
1620513716898	mozrunner::runner	INFO	Running command: "/usr/bin/firefox" "--marionette" "-foreground" "-no-remote" "-profile" "/tmp/rust_mozprofileVEcoBi"
1620513718856	Marionette	INFO	Marionette enabled
console.warn: SearchSettings: "get: No settings file exists, new profile?" (new Error("", "(unknown module)"))
1620513722550	Marionette	INFO	Listening on port 44451
1620513722648	Marionette	WARN	TLS certificate errors will be ignored for this session
JavaScript error: , line 0: TypeError: NetworkError when attempting to fetch resource.
1620513768363	Marionette	INFO	Stopped listening on port 44451
1620513799373	geckodriver	INFO	Listening on 127.0.0.1:60379
1620513799383	mozrunner::runner	INFO	Running command: "/usr/bin/firefox" "--marionette" "-foreground" "-no-remote" "-profile" "/tmp/rust_mozprofileA0DNQw"
1620513801683	Marionette	INFO	Marionette enabled
console.warn: SearchSettings: "get: No settings file exists, new profile?" (new Error("", "(unknown module)"))
1620513805296	Marionette	INFO	Listening on port 44251
1620513805355	Marionette	WARN	TLS certificate errors will be ignored for this session
JavaScript error: , line 0: TypeError: NetworkError when attempting to fetch resource.
JavaScript error: , line 0: TypeError: NetworkError when attempting to fetch resource.
JavaScript error: , line 0: TypeError: NetworkError when attempting to fetch resource.
JavaScript error: , line 0: TypeError: NetworkError when attempting to fetch resource.
JavaScript error: , line 0: TypeError: NetworkError when attempting to fetch resource.
JavaScript error: , line 0: TypeError: NetworkError when attempting to fetch resource.
JavaScript error: , line 0: TypeError: NetworkError when attempting to fetch resource.
JavaScript error: , line 0: TypeError: NetworkError when attempting to fetch resource.
JavaScript error: , line 0: TypeError: NetworkError when attempting to fetch resource.
JavaScript error: , line 0: TypeError: NetworkError when attempting to fetch resource.
JavaScript error: , line 0: TypeError: NetworkError when attempting to fetch resource.
JavaScript error: , line 0: TypeError: NetworkError when attempting to fetch resource.

###!!! [Child][RunMessage] Error: Channel closing: too late to send/recv, messages will be lost


###!!! [Child][RunMessage] Error: Channel closing: too late to send/recv, messages will be lost


###!!! [Child][RunMessage] Error: Channel closing: too late to send/recv, messages will be lost


###!!! [Child][RunMessage] Error: Channel closing: too late to send/recv, messages will be lost


###!!! [Child][RunMessage] Error: Channel closing: too late to send/recv, messages will be lost


###!!! [Child][RunMessage] Error: Channel closing: too late to send/recv, messages will be lost


###!!! [Child][RunMessage] Error: Channel closing: too late to send/recv, messages will be lost


###!!! [Child][RunMessage] Error: Channel closing: too late to send/recv, messages will be lost


###!!! [Child][RunMessage] Error: Channel closing: too late to send/recv, messages will be lost


###!!! [Child][RunMessage] Error: Channel closing: too late to send/recv, messages will be lost


###!!! [Child][RunMessage] Error: Channel closing: too late to send/recv, messages will be lost


###!!! [Child][RunMessage] Error: Channel closing: too late to send/recv, messages will be lost


###!!! [Child][RunMessage] Error: Channel closing: too late to send/recv, messages will be lost


###!!! [Child][RunMessage] Error: Channel closing: too late to send/recv, messages will be lost


###!!! [Child][RunMessage] Error: Channel closing: too late to send/recv, messages will be lost


###!!! [Child][RunMessage] Error: Channel closing: too late to send/recv, messages will be lost

1620513870459	Marionette	INFO	Stopped listening on port 44251

###!!! [Parent][RunMessage] Error: Channel closing: too late to send/recv, messages will be lost

1620514066401	geckodriver	INFO	Listening on 127.0.0.1:53151
1620514066424	mozrunner::runner	INFO	Running command: "/usr/bin/firefox" "--marionette" "-foreground" "-no-remote" "-profile" "/tmp/rust_mozprofileDCCjAq"
1620514069366	Marionette	INFO	Marionette enabled
console.warn: SearchSettings: "get: No settings file exists, new profile?" (new Error("", "(unknown module)"))
1620514074250	Marionette	INFO	Listening on port 35893
1620514074395	Marionette	WARN	TLS certificate errors will be ignored for this session
Marionette threw an error: NotFoundError: WindowGlobalParent.getActor: No such JSWindowActor 'MarionetteCommands'
getMarionetteCommandsActorProxy/get/<@chrome://marionette/content/actors/MarionetteCommandsParent.jsm:327:69
unregisterCommandsActor@chrome://marionette/content/actors/MarionetteCommandsParent.jsm:390:15
GeckoDriver.prototype.deleteSession@chrome://marionette/content/driver.js:2335:3
onClosed@chrome://marionette/content/server.js:194:17
close@chrome://marionette/content/transport.js:225:18
onInputStreamReady@chrome://marionette/content/transport.js:379:14

JavaScript error: resource://gre/modules/AsyncShutdown.jsm, line 575: NotFoundError: No such JSWindowActor 'MarionetteEvents'
JavaScript error: resource://gre/modules/AsyncShutdown.jsm, line 575: NotFoundError: No such JSWindowActor 'MarionetteEvents'
JavaScript error: resource://gre/modules/AsyncShutdown.jsm, line 575: NotFoundError: No such JSWindowActor 'MarionetteEvents'
JavaScript error: resource://gre/modules/AsyncShutdown.jsm, line 575: NotFoundError: No such JSWindowActor 'MarionetteEvents'
JavaScript error: resource://gre/modules/AsyncShutdown.jsm, line 575: NotFoundError: No such JSWindowActor 'MarionetteEvents'
JavaScript error: resource://gre/modules/AsyncShutdown.jsm, line 575: NotFoundError: No such JSWindowActor 'MarionetteEvents'
JavaScript error: resource://gre/modules/AsyncShutdown.jsm, line 575: NotFoundError: No such JSWindowActor 'MarionetteEvents'
JavaScript error: resource://gre/modules/AsyncShutdown.jsm, line 575: NotFoundError: No such JSWindowActor 'MarionetteEvents'
JavaScript error: resource://gre/modules/AsyncShutdown.jsm, line 575: NotFoundError: No such JSWindowActor 'MarionetteEvents'
JavaScript error: resource://gre/modules/AsyncShutdown.jsm, line 575: NotFoundError: No such JSWindowActor 'MarionetteEvents'
JavaScript error: resource://gre/modules/AsyncShutdown.jsm, line 575: NotFoundError: No such JSWindowActor 'MarionetteEvents'
JavaScript error: resource://gre/modules/AsyncShutdown.jsm, line 575: NotFoundError: No such JSWindowActor 'MarionetteEvents'
JavaScript error: resource://gre/modules/AsyncShutdown.jsm, line 575: NotFoundError: No such JSWindowActor 'MarionetteEvents'
JavaScript error: resource://gre/modules/AsyncShutdown.jsm, line 575: NotFoundError: No such JSWindowActor 'MarionetteEvents'
JavaScript error: resource://gre/modules/AsyncShutdown.jsm, line 575: NotFoundError: No such JSWindowActor 'MarionetteEvents'
JavaScript error: resource://gre/modules/AsyncShutdown.jsm, line 575: NotFoundError: No such JSWindowActor 'MarionetteEvents'
JavaScript error: resource://gre/modules/AsyncShutdown.jsm, line 575: NotFoundError: No such JSWindowActor 'MarionetteEvents'
JavaScript error: resource://gre/modules/AsyncShutdown.jsm, line 575: NotFoundError: No such JSWindowActor 'MarionetteEvents'
JavaScript error: resource://gre/modules/AsyncShutdown.jsm, line 575: NotFoundError: No such JSWindowActor 'MarionetteEvents'
JavaScript error: resource://gre/modules/AsyncShutdown.jsm, line 575: NotFoundError: No such JSWindowActor 'MarionetteEvents'
JavaScript error: resource://gre/modules/AsyncShutdown.jsm, line 575: NotFoundError: No such JSWindowActor 'MarionetteEvents'
JavaScript error: resource://gre/modules/AsyncShutdown.jsm, line 575: NotFoundError: No such JSWindowActor 'MarionetteEvents'
JavaScript error: resource://gre/modules/AsyncShutdown.jsm, line 575: NotFoundError: No such JSWindowActor 'MarionetteEvents'
JavaScript error: resource://gre/modules/AsyncShutdown.jsm, line 575: NotFoundError: No such JSWindowActor 'MarionetteEvents'
JavaScript error: resource://gre/modules/AsyncShutdown.jsm, line 575: NotFoundError: No such JSWindowActor 'MarionetteEvents'
JavaScript error: resource://gre/modules/AsyncShutdown.jsm, line 575: NotFoundError: No such JSWindowActor 'MarionetteEvents'
JavaScript error: resource://gre/modules/AsyncShutdown.jsm, line 575: NotFoundError: No such JSWindowActor 'MarionetteEvents'
JavaScript error: resource://gre/modules/AsyncShutdown.jsm, line 575: NotFoundError: No such JSWindowActor 'MarionetteEvents'
JavaScript error: resource://gre/modules/AsyncShutdown.jsm, line 575: NotFoundError: No such JSWindowActor 'MarionetteEvents'
JavaScript error: resource://gre/modules/AsyncShutdown.jsm, line 575: NotFoundError: No such JSWindowActor 'MarionetteEvents'
JavaScript error: resource://gre/modules/AsyncShutdown.jsm, line 575: NotFoundError: No such JSWindowActor 'MarionetteEvents'
JavaScript error: , line 0: TypeError: NetworkError when attempting to fetch resource.
JavaScript error: resource://gre/modules/AsyncShutdown.jsm, line 575: NotFoundError: No such JSWindowActor 'MarionetteCommands'
JavaScript error: resource:///modules/FaviconLoader.jsm, line 596: InvalidStateError: JSWindowActorChild.sendAsyncMessage: JSWindowActorChild cannot send at the moment
1620514090948	Marionette	INFO	Stopped listening on port 35893

###!!! [Parent][RunMessage] Error: Channel closing: too late to send/recv, messages will be lost

1620514393183	geckodriver	INFO	Listening on 127.0.0.1:35515
1620514393201	mozrunner::runner	INFO	Running command: "/usr/bin/firefox" "--marionette" "-foreground" "-no-remote" "-profile" "/tmp/rust_mozprofileH40kEd"
1620514395680	Marionette	INFO	Marionette enabled
console.warn: SearchSettings: "get: No settings file exists, new profile?" (new Error("", "(unknown module)"))
1620514400036	Marionette	INFO	Listening on port 40777
1620514400224	Marionette	WARN	TLS certificate errors will be ignored for this session
JavaScript error: , line 0: TypeError: NetworkError when attempting to fetch resource.
JavaScript error: , line 0: TypeError: NetworkError when attempting to fetch resource.
JavaScript error: , line 0: TypeError: NetworkError when attempting to fetch resource.
1620514558784	Marionette	INFO	Stopped listening on port 40777

###!!! [Parent][RunMessage] Error: Channel closing: too late to send/recv, messages will be lost

1620515302477	geckodriver	INFO	Listening on 127.0.0.1:40123
1620515302504	mozrunner::runner	INFO	Running command: "/usr/bin/firefox" "--marionette" "-foreground" "-no-remote" "-profile" "/tmp/rust_mozprofilewQVhPt"
1620515304735	Marionette	INFO	Marionette enabled
console.warn: SearchSettings: "get: No settings file exists, new profile?" (new Error("", "(unknown module)"))
1620515309368	Marionette	INFO	Listening on port 39845
1620515309453	Marionette	WARN	TLS certificate errors will be ignored for this session
JavaScript warning: https://hhcdn.ru/.well-known/ddos-guard/check, line 1: WebGL context was lost.
JavaScript warning: https://hhcdn.ru/.well-known/ddos-guard/check, line 1: WebGL context was lost.
JavaScript warning: https://hhcdn.ru/.well-known/ddos-guard/check, line 1: WebGL context was lost.
JavaScript warning: https://hhcdn.ru/.well-known/ddos-guard/check, line 1: WebGL context was lost.
JavaScript error: , line 0: TypeError: NetworkError when attempting to fetch resource.
Exiting due to channel error.
Exiting due to channel error.
Exiting due to channel error.
1620519277366	geckodriver	INFO	Listening on 127.0.0.1:36605
1620519277406	mozrunner::runner	INFO	Running command: "/usr/bin/firefox" "--marionette" "-foreground" "-no-remote" "-profile" "/tmp/rust_mozprofileCs6fns"
1620519281946	Marionette	INFO	Marionette enabled
console.warn: SearchSettings: "get: No settings file exists, new profile?" (new Error("", "(unknown module)"))
1620519288220	Marionette	INFO	Listening on port 43007
1620519288293	Marionette	WARN	TLS certificate errors will be ignored for this session
1620519378096	Marionette	INFO	Stopped listening on port 43007

###!!! [Parent][RunMessage] Error: Channel closing: too late to send/recv, messages will be lost

1620519393399	geckodriver	INFO	Listening on 127.0.0.1:40191
1620519393405	mozrunner::runner	INFO	Running command: "/usr/bin/firefox" "--marionette" "-foreground" "-no-remote" "-profile" "/tmp/rust_mozprofile6B4kop"
1620519395507	Marionette	INFO	Marionette enabled
console.warn: SearchSettings: "get: No settings file exists, new profile?" (new Error("", "(unknown module)"))
1620519399077	Marionette	INFO	Listening on port 42879
1620519399152	Marionette	WARN	TLS certificate errors will be ignored for this session
1620519425521	Marionette	INFO	Stopped listening on port 42879
1620519431104	geckodriver	INFO	Listening on 127.0.0.1:49537
1620519431113	mozrunner::runner	INFO	Running command: "/usr/bin/firefox" "--marionette" "-foreground" "-no-remote" "-profile" "/tmp/rust_mozprofilei8HsE2"
1620519433238	Marionette	INFO	Marionette enabled
console.warn: SearchSettings: "get: No settings file exists, new profile?" (new Error("", "(unknown module)"))
1620519436856	Marionette	INFO	Listening on port 36743
1620519437047	Marionette	WARN	TLS certificate errors will be ignored for this session
JavaScript warning: https://hhcdn.ru/.well-known/ddos-guard/check, line 1: WebGL context was lost.
JavaScript warning: https://hhcdn.ru/.well-known/ddos-guard/check, line 1: WebGL context was lost.
JavaScript warning: https://hhcdn.ru/.well-known/ddos-guard/check, line 1: WebGL context was lost.
JavaScript warning: https://hhcdn.ru/.well-known/ddos-guard/check, line 1: WebGL context was lost.
JavaScript warning: https://hhcdn.ru/.well-known/ddos-guard/check, line 1: WebGL context was lost.
JavaScript warning: https://hhcdn.ru/.well-known/ddos-guard/check, line 1: WebGL context was lost.
JavaScript warning: https://hhcdn.ru/.well-known/ddos-guard/check, line 1: WebGL context was lost.
JavaScript warning: https://hhcdn.ru/.well-known/ddos-guard/check, line 1: WebGL context was lost.
1620519455773	Marionette	INFO	Stopped listening on port 36743

###!!! [Parent][RunMessage] Error: Channel closing: too late to send/recv, messages will be lost

1620519485959	geckodriver	INFO	Listening on 127.0.0.1:55083
1620519485973	mozrunner::runner	INFO	Running command: "/usr/bin/firefox" "--marionette" "-foreground" "-no-remote" "-profile" "/tmp/rust_mozprofilec8mZmP"
1620519488151	Marionette	INFO	Marionette enabled
console.warn: SearchSettings: "get: No settings file exists, new profile?" (new Error("", "(unknown module)"))
1620519492100	Marionette	INFO	Listening on port 36685
1620519492226	Marionette	WARN	TLS certificate errors will be ignored for this session
1620519579440	geckodriver	INFO	Listening on 127.0.0.1:38107
1620519579449	mozrunner::runner	INFO	Running command: "/usr/bin/firefox" "--marionette" "-foreground" "-no-remote" "-profile" "/tmp/rust_mozprofilebhtxFT"
1620519581415	Marionette	INFO	Marionette enabled
console.warn: SearchSettings: "get: No settings file exists, new profile?" (new Error("", "(unknown module)"))
1620519585393	Marionette	INFO	Listening on port 33551
1620519585501	Marionette	WARN	TLS certificate errors will be ignored for this session
1620519588600	Marionette	INFO	Stopped listening on port 36685
1620519601359	Marionette	INFO	Stopped listening on port 33551

###!!! [Parent][RunMessage] Error: Channel closing: too late to send/recv, messages will be lost

1620519623670	geckodriver	INFO	Listening on 127.0.0.1:43497
1620519623706	mozrunner::runner	INFO	Running command: "/usr/bin/firefox" "--marionette" "-foreground" "-no-remote" "-profile" "/tmp/rust_mozprofileY3s7p5"
1620519625948	Marionette	INFO	Marionette enabled
console.warn: SearchSettings: "get: No settings file exists, new profile?" (new Error("", "(unknown module)"))
1620519630019	Marionette	INFO	Listening on port 46661
1620519630132	Marionette	WARN	TLS certificate errors will be ignored for this session
JavaScript error: , line 0: TypeError: NetworkError when attempting to fetch resource.
Exiting due to channel error.
Exiting due to channel error.
Exiting due to channel error.
1620519855042	geckodriver	INFO	Listening on 127.0.0.1:41005
1620519855051	mozrunner::runner	INFO	Running command: "/usr/bin/firefox" "--marionette" "-foreground" "-no-remote" "-profile" "/tmp/rust_mozprofileXHf6ER"
1620519857009	Marionette	INFO	Marionette enabled
console.warn: SearchSettings: "get: No settings file exists, new profile?" (new Error("", "(unknown module)"))
1620519860468	Marionette	INFO	Listening on port 33215
1620519860757	Marionette	WARN	TLS certificate errors will be ignored for this session
JavaScript error: , line 0: TypeError: NetworkError when attempting to fetch resource.
1620519892637	Marionette	INFO	Stopped listening on port 33215

###!!! [Parent][RunMessage] Error: Channel closing: too late to send/recv, messages will be lost

1620519909192	geckodriver	INFO	Listening on 127.0.0.1:41775
1620519909201	mozrunner::runner	INFO	Running command: "/usr/bin/firefox" "--marionette" "-foreground" "-no-remote" "-profile" "/tmp/rust_mozprofile2yVhEd"
1620519911180	Marionette	INFO	Marionette enabled
console.warn: SearchSettings: "get: No settings file exists, new profile?" (new Error("", "(unknown module)"))
1620519914962	Marionette	INFO	Listening on port 35781
1620519915130	Marionette	WARN	TLS certificate errors will be ignored for this session
JavaScript error: , line 0: TypeError: NetworkError when attempting to fetch resource.
JavaScript error: , line 0: TypeError: NetworkError when attempting to fetch resource.
JavaScript error: , line 0: TypeError: NetworkError when attempting to fetch resource.
JavaScript error: , line 0: TypeError: NetworkError when attempting to fetch resource.
Exiting due to channel error.
Exiting due to channel error.
Exiting due to channel error.
1620520011375	geckodriver	INFO	Listening on 127.0.0.1:42823
1620520011382	mozrunner::runner	INFO	Running command: "/usr/bin/firefox" "--marionette" "-foreground" "-no-remote" "-profile" "/tmp/rust_mozprofileOFUiLt"
1620520013364	Marionette	INFO	Marionette enabled
console.warn: SearchSettings: "get: No settings file exists, new profile?" (new Error("", "(unknown module)"))
1620520017404	Marionette	INFO	Listening on port 46729
1620520017584	Marionette	WARN	TLS certificate errors will be ignored for this session
JavaScript error: , line 0: TypeError: NetworkError when attempting to fetch resource.
JavaScript error: , line 0: TypeError: NetworkError when attempting to fetch resource.
JavaScript error: , line 0: TypeError: NetworkError when attempting to fetch resource.
[GFX1-]: Receive IPC close with reason=AbnormalShutdown
Exiting due to channel error.
Exiting due to channel error.
Exiting due to channel error.
1620520234382	geckodriver	INFO	Listening on 127.0.0.1:52603
1620520234391	mozrunner::runner	INFO	Running command: "/usr/bin/firefox" "--marionette" "-foreground" "-no-remote" "-profile" "/tmp/rust_mozprofilenWV3nP"
1620520236420	Marionette	INFO	Marionette enabled
console.warn: SearchSettings: "get: No settings file exists, new profile?" (new Error("", "(unknown module)"))
1620520240350	Marionette	INFO	Listening on port 43733
1620520240446	Marionette	WARN	TLS certificate errors will be ignored for this session
JavaScript error: resource://devtools/client/framework/toolbox.js, line 1949: TypeError: currentPanel is undefined
1620520292556	Marionette	INFO	Stopped listening on port 43733

###!!! [Parent][RunMessage] Error: Channel closing: too late to send/recv, messages will be lost

1620520298929	geckodriver	INFO	Listening on 127.0.0.1:33537
1620520298935	mozrunner::runner	INFO	Running command: "/usr/bin/firefox" "--marionette" "-foreground" "-no-remote" "-profile" "/tmp/rust_mozprofilewgf7ZB"
1620520301028	Marionette	INFO	Marionette enabled
console.warn: SearchSettings: "get: No settings file exists, new profile?" (new Error("", "(unknown module)"))
1620520304851	Marionette	INFO	Listening on port 43123
1620520304923	Marionette	WARN	TLS certificate errors will be ignored for this session
JavaScript error: , line 0: TypeError: NetworkError when attempting to fetch resource.
1620520330088	Marionette	INFO	Stopped listening on port 43123
1620520367688	geckodriver	INFO	Listening on 127.0.0.1:36669
1620520367695	mozrunner::runner	INFO	Running command: "/usr/bin/firefox" "--marionette" "-foreground" "-no-remote" "-profile" "/tmp/rust_mozprofileJ8tUFA"
1620520369946	Marionette	INFO	Marionette enabled
console.warn: SearchSettings: "get: No settings file exists, new profile?" (new Error("", "(unknown module)"))
1620520374325	Marionette	INFO	Listening on port 35003
1620520374505	Marionette	WARN	TLS certificate errors will be ignored for this session
JavaScript error: , line 0: TypeError: NetworkError when attempting to fetch resource.
JavaScript error: , line 0: TypeError: NetworkError when attempting to fetch resource.
JavaScript error: , line 0: TypeError: NetworkError when attempting to fetch resource.
JavaScript error: , line 0: TypeError: NetworkError when attempting to fetch resource.
Exiting due to channel error.
Exiting due to channel error.
Exiting due to channel error.
1620521207040	geckodriver	INFO	Listening on 127.0.0.1:36783
1620521207049	mozrunner::runner	INFO	Running command: "/usr/bin/firefox" "--marionette" "-foreground" "-no-remote" "-profile" "/tmp/rust_mozprofileP66Wzw"
1620521209333	Marionette	INFO	Marionette enabled
console.warn: SearchSettings: "get: No settings file exists, new profile?" (new Error("", "(unknown module)"))
1620521213339	Marionette	INFO	Listening on port 45251
1620521213394	Marionette	WARN	TLS certificate errors will be ignored for this session
JavaScript error: , line 0: TypeError: NetworkError when attempting to fetch resource.
JavaScript error: , line 0: TypeError: NetworkError when attempting to fetch resource.
JavaScript error: , line 0: TypeError: NetworkError when attempting to fetch resource.
JavaScript error: , line 0: TypeError: NetworkError when attempting to fetch resource.
JavaScript error: , line 0: TypeError: NetworkError when attempting to fetch resource.
JavaScript error: , line 0: TypeError: NetworkError when attempting to fetch resource.
Exiting due to channel error.
Exiting due to channel error.
Exiting due to channel error.
